SF:lib/src/dependency_container.dart
DA:42,2
LF:1
LH:1
end_of_record
SF:lib/src/context_extension.dart
DA:17,2
DA:33,1
DA:34,1
LF:3
LH:3
end_of_record
SF:lib/src/dependency_provider.dart
DA:34,2
DA:39,2
DA:63,1
DA:69,1
DA:70,1
DA:72,1
DA:73,1
DA:92,1
DA:96,2
DA:99,2
DA:100,1
DA:108,1
DA:110,3
LF:13
LH:13
end_of_record
SF:lib/src/dependency_scope.dart
DA:37,1
DA:73,1
DA:74,1
DA:81,1
DA:83,1
DA:86,1
DA:88,1
DA:91,4
DA:92,3
DA:96,1
DA:99,3
DA:100,1
DA:103,1
DA:104,1
DA:105,4
DA:106,1
DA:107,1
DA:109,4
DA:110,2
DA:113,1
DA:114,2
DA:117,1
DA:119,1
DA:120,1
DA:121,1
DA:122,2
DA:125,2
DA:126,1
DA:127,1
DA:128,2
LF:30
LH:30
end_of_record
