SF:lib/src/dependency_container.dart
DA:48,2
LF:1
LH:1
end_of_record
SF:lib/src/context_extension.dart
DA:17,2
DA:33,1
DA:34,1
LF:3
LH:3
end_of_record
SF:lib/src/dependency_provider.dart
DA:34,2
DA:39,2
DA:63,1
DA:69,1
DA:70,1
DA:72,1
DA:73,1
DA:92,1
DA:96,2
DA:99,2
DA:100,1
DA:108,1
DA:110,3
LF:13
LH:13
end_of_record
SF:lib/src/dependency_scope.dart
DA:37,1
DA:58,1
DA:59,1
DA:66,1
DA:68,1
DA:71,1
DA:73,1
DA:76,4
DA:77,3
DA:81,1
DA:84,3
DA:85,1
DA:88,1
DA:89,1
DA:90,3
DA:91,1
DA:92,1
DA:94,4
DA:95,2
DA:98,1
DA:99,2
DA:102,1
DA:104,1
DA:105,1
DA:106,1
DA:107,2
DA:110,2
DA:111,1
DA:112,1
DA:113,2
LF:30
LH:30
end_of_record
